
 NX   Running target serve for project virteex-api-gateway and 34 tasks it depends on:



> nx run contracts:build  [existing outputs match the cache, left as is]


> nx run identity-domain:build  [existing outputs match the cache, left as is]


> nx run payroll-contracts:build  [existing outputs match the cache, left as is]


> nx run treasury-contracts:build  [existing outputs match the cache, left as is]


> nx run accounting-contracts:build  [existing outputs match the cache, left as is]


> nx run identity-application:build  [existing outputs match the cache, left as is]


> nx run payroll-domain:build  [existing outputs match the cache, left as is]


> nx run inventory-domain:build  [existing outputs match the cache, left as is]


> nx run treasury-domain:build  [existing outputs match the cache, left as is]


> nx run accounting-domain:build  [existing outputs match the cache, left as is]


> nx run catalog-domain:build  [existing outputs match the cache, left as is]


> nx run inventory-contracts:build  [existing outputs match the cache, left as is]


> nx run treasury-infrastructure:build  [existing outputs match the cache, left as is]


> nx run payroll-infrastructure:build  [existing outputs match the cache, left as is]


> nx run payroll-application:build  [existing outputs match the cache, left as is]


> nx run inventory-infrastructure:build  [existing outputs match the cache, left as is]


> nx run identity-infrastructure:build  [existing outputs match the cache, left as is]


> nx run accounting-infrastructure:build  [existing outputs match the cache, left as is]


> nx run billing-domain:build  [existing outputs match the cache, left as is]


> nx run accounting-application:build  [existing outputs match the cache, left as is]


> nx run inventory-application:build  [existing outputs match the cache, left as is]


> nx run catalog-application:build  [existing outputs match the cache, left as is]


> nx run treasury-application:build  [existing outputs match the cache, left as is]


> nx run fiscal-presentation:build  [existing outputs match the cache, left as is]


> nx run payroll-presentation:build  [existing outputs match the cache, left as is]


> nx run bi-presentation:build  [existing outputs match the cache, left as is]


> nx run treasury-presentation:build  [existing outputs match the cache, left as is]


> nx run accounting-presentation:build  [existing outputs match the cache, left as is]


> nx run inventory-presentation:build  [existing outputs match the cache, left as is]


> nx run projects-presentation:build  [existing outputs match the cache, left as is]


> nx run identity-presentation:build  [existing outputs match the cache, left as is]


> nx run manufacturing-presentation:build  [existing outputs match the cache, left as is]


> nx run admin-presentation:build  [existing outputs match the cache, left as is]


> nx run virteex-api-gateway:build  [existing outputs match the cache, left as is]

> webpack-cli build --node-env=production

webpack compiled [1m[32msuccessfully[39m[22m (9216c38783f7cf82)
Waiting for virteex-api-gateway:serve:development in another nx process
