
 NX   Running target serve for project virteex-api-gateway and 68 tasks it depends on:



> nx run contracts:build  [existing outputs match the cache, left as is]


> nx run identity-domain:build  [existing outputs match the cache, left as is]


> nx run accounting-contracts:build  [existing outputs match the cache, left as is]


> nx run treasury-contracts:build  [existing outputs match the cache, left as is]


> nx run payroll-contracts:build  [existing outputs match the cache, left as is]


> nx run identity-application:build  [existing outputs match the cache, left as is]


> nx run accounting-domain:build  [existing outputs match the cache, left as is]


> nx run inventory-domain:build  [existing outputs match the cache, left as is]


> nx run payroll-domain:build  [existing outputs match the cache, left as is]


> nx run treasury-domain:build  [existing outputs match the cache, left as is]


> nx run fiscal-domain:build  [existing outputs match the cache, left as is]


> nx run bi-domain:build  [existing outputs match the cache, left as is]


> nx run catalog-domain:build  [existing outputs match the cache, left as is]


> nx run admin-domain:build  [existing outputs match the cache, left as is]


> nx run purchasing-contracts:build  [existing outputs match the cache, left as is]


> nx run telemetry:build  [existing outputs match the cache, left as is]


> nx run fixed-assets-contracts:build  [existing outputs match the cache, left as is]


> nx run projects-contracts:build  [existing outputs match the cache, left as is]


> nx run manufacturing-contracts:build  [existing outputs match the cache, left as is]


> nx run auth:build  [existing outputs match the cache, left as is]


> nx run fixed-assets-domain:build  [existing outputs match the cache, left as is]


> nx run projects-domain:build  [existing outputs match the cache, left as is]


> nx run manufacturing-domain:build  [existing outputs match the cache, left as is]


> nx run crm-contracts:build  [existing outputs match the cache, left as is]


> nx run purchasing-domain:build  [existing outputs match the cache, left as is]


> nx run tenant:build  [existing outputs match the cache, left as is]


> nx run inventory-contracts:build  [existing outputs match the cache, left as is]


> nx run crm-domain:build  [existing outputs match the cache, left as is]


> nx run inventory-infrastructure:build  [existing outputs match the cache, left as is]


> nx run projects-application:build  [existing outputs match the cache, left as is]


> nx run inventory-application:build  [existing outputs match the cache, left as is]


> nx run crm-infrastructure:build  [existing outputs match the cache, left as is]


> nx run manufacturing-application:build  [existing outputs match the cache, left as is]


> nx run fiscal-application:build  [existing outputs match the cache, left as is]


> nx run bi-application:build  [existing outputs match the cache, left as is]


> nx run admin-application:build  [existing outputs match the cache, left as is]


> nx run fixed-assets-application:build  [existing outputs match the cache, left as is]


> nx run accounting-infrastructure:build  [existing outputs match the cache, left as is]


> nx run payroll-infrastructure:build  [existing outputs match the cache, left as is]


> nx run treasury-infrastructure:build  [existing outputs match the cache, left as is]


> nx run billing-domain:build  [existing outputs match the cache, left as is]


> nx run accounting-application:build  [existing outputs match the cache, left as is]


> nx run identity-infrastructure:build  [existing outputs match the cache, left as is]


> nx run treasury-application:build  [existing outputs match the cache, left as is]


> nx run payroll-application:build  [existing outputs match the cache, left as is]


> nx run catalog-application:build  [existing outputs match the cache, left as is]


> nx run purchasing-application:build  [existing outputs match the cache, left as is]


> nx run crm-application:build  [existing outputs match the cache, left as is]


> nx run payroll-presentation:build  [existing outputs match the cache, left as is]


> nx run projects-infrastructure:build  [existing outputs match the cache, left as is]


> nx run treasury-presentation:build  [existing outputs match the cache, left as is]


> nx run accounting-presentation:build  [existing outputs match the cache, left as is]


> nx run fixed-assets-infrastructure:build  [existing outputs match the cache, left as is]


> nx run projects-presentation:build  [existing outputs match the cache, left as is]


> nx run admin-infrastructure:build  [existing outputs match the cache, left as is]


> nx run fiscal-infrastructure:build  [existing outputs match the cache, left as is]


> nx run manufacturing-infrastructure:build  [existing outputs match the cache, left as is]


> nx run inventory-presentation:build  [existing outputs match the cache, left as is]


> nx run bi-infrastructure:build  [existing outputs match the cache, left as is]


> nx run bi-presentation:build  [existing outputs match the cache, left as is]


> nx run crm-presentation:build  [existing outputs match the cache, left as is]


> nx run fiscal-presentation:build  [existing outputs match the cache, left as is]


> nx run admin-presentation:build  [existing outputs match the cache, left as is]


> nx run purchasing-presentation:build  [existing outputs match the cache, left as is]


> nx run manufacturing-presentation:build  [existing outputs match the cache, left as is]


> nx run fixed-assets-presentation:build  [existing outputs match the cache, left as is]


> nx run identity-presentation:build  [existing outputs match the cache, left as is]


> nx run virteex-api-gateway:build  [existing outputs match the cache, left as is]

> webpack-cli build --node-env=production

webpack compiled [1m[32msuccessfully[39m[22m (4f9274e6a011e72f)

> nx run virteex-api-gateway:serve:development

[1m[33mNX Daemon is not running. Node process will not restart automatically after file changes.[39m[22m
[0m[7m[1m[36m NX [39m[22m[27m[0m  [36mRunning target [1mbuild[22m for project virteex-api-gateway and [1m67[22m tasks it depends on:[39m
[2m> [22m[2mnx run[22m contracts:build  [2m[existing outputs match the cache, left as is][22m
[2m> [22m[2mnx run[22m identity-domain:build  [2m[existing outputs match the cache, left as is][22m
[2m> [22m[2mnx run[22m accounting-contracts:build  [2m[existing outputs match the cache, left as is][22m
[2m> [22m[2mnx run[22m treasury-contracts:build  [2m[existing outputs match the cache, left as is][22m
[2m> [22m[2mnx run[22m payroll-contracts:build  [2m[existing outputs match the cache, left as is][22m
[2m> [22m[2mnx run[22m accounting-domain:build  [2m[existing outputs match the cache, left as is][22m
[2m> [22m[2mnx run[22m identity-application:build  [2m[existing outputs match the cache, left as is][22m
[2m> [22m[2mnx run[22m payroll-domain:build  [2m[existing outputs match the cache, left as is][22m
[2m> [22m[2mnx run[22m inventory-domain:build  [2m[existing outputs match the cache, left as is][22m
[2m> [22m[2mnx run[22m treasury-domain:build  [2m[existing outputs match the cache, left as is][22m
[2m> [22m[2mnx run[22m fiscal-domain:build  [2m[existing outputs match the cache, left as is][22m
[2m> [22m[2mnx run[22m bi-domain:build  [2m[existing outputs match the cache, left as is][22m
[2m> [22m[2mnx run[22m catalog-domain:build  [2m[existing outputs match the cache, left as is][22m
[2m> [22m[2mnx run[22m admin-domain:build  [2m[existing outputs match the cache, left as is][22m
[2m> [22m[2mnx run[22m purchasing-contracts:build  [2m[existing outputs match the cache, left as is][22m
[2m> [22m[2mnx run[22m telemetry:build  [2m[existing outputs match the cache, left as is][22m
[2m> [22m[2mnx run[22m fixed-assets-contracts:build  [2m[existing outputs match the cache, left as is][22m
[2m> [22m[2mnx run[22m projects-contracts:build  [2m[existing outputs match the cache, left as is][22m
[2m> [22m[2mnx run[22m auth:build  [2m[existing outputs match the cache, left as is][22m
[2m> [22m[2mnx run[22m fixed-assets-domain:build  [2m[existing outputs match the cache, left as is][22m
[2m> [22m[2mnx run[22m projects-domain:build  [2m[existing outputs match the cache, left as is][22m
[2m> [22m[2mnx run[22m manufacturing-contracts:build  [2m[existing outputs match the cache, left as is][22m
[2m> [22m[2mnx run[22m crm-contracts:build  [2m[existing outputs match the cache, left as is][22m
[2m> [22m[2mnx run[22m purchasing-domain:build  [2m[existing outputs match the cache, left as is][22m
[2m> [22m[2mnx run[22m manufacturing-domain:build  [2m[existing outputs match the cache, left as is][22m
[2m> [22m[2mnx run[22m crm-domain:build  [2m[existing outputs match the cache, left as is][22m
[2m> [22m[2mnx run[22m tenant:build  [2m[existing outputs match the cache, left as is][22m
[2m> [22m[2mnx run[22m inventory-contracts:build  [2m[existing outputs match the cache, left as is][22m
[2m> [22m[2mnx run[22m crm-infrastructure:build  [2m[existing outputs match the cache, left as is][22m
[2m> [22m[2mnx run[22m inventory-infrastructure:build  [2m[existing outputs match the cache, left as is][22m
[2m> [22m[2mnx run[22m inventory-application:build  [2m[existing outputs match the cache, left as is][22m
[2m> [22m[2mnx run[22m projects-application:build  [2m[existing outputs match the cache, left as is][22m
[2m> [22m[2mnx run[22m manufacturing-application:build  [2m[existing outputs match the cache, left as is][22m
[2m> [22m[2mnx run[22m fiscal-application:build  [2m[existing outputs match the cache, left as is][22m
[2m> [22m[2mnx run[22m bi-application:build  [2m[existing outputs match the cache, left as is][22m
[2m> [22m[2mnx run[22m admin-application:build  [2m[existing outputs match the cache, left as is][22m
[2m> [22m[2mnx run[22m fixed-assets-application:build  [2m[existing outputs match the cache, left as is][22m
[2m> [22m[2mnx run[22m accounting-infrastructure:build  [2m[existing outputs match the cache, left as is][22m
[2m> [22m[2mnx run[22m payroll-infrastructure:build  [2m[existing outputs match the cache, left as is][22m
[2m> [22m[2mnx run[22m treasury-infrastructure:build  [2m[existing outputs match the cache, left as is][22m
[2m> [22m[2mnx run[22m billing-domain:build  [2m[existing outputs match the cache, left as is][22m
[2m> [22m[2mnx run[22m accounting-application:build  [2m[existing outputs match the cache, left as is][22m
[2m> [22m[2mnx run[22m identity-infrastructure:build  [2m[existing outputs match the cache, left as is][22m
[2m> [22m[2mnx run[22m treasury-application:build  [2m[existing outputs match the cache, left as is][22m
[2m> [22m[2mnx run[22m payroll-application:build  [2m[existing outputs match the cache, left as is][22m
[2m> [22m[2mnx run[22m catalog-application:build  [2m[existing outputs match the cache, left as is][22m
[2m> [22m[2mnx run[22m purchasing-application:build  [2m[existing outputs match the cache, left as is][22m
[2m> [22m[2mnx run[22m crm-application:build  [2m[existing outputs match the cache, left as is][22m
[2m> [22m[2mnx run[22m payroll-presentation:build  [2m[existing outputs match the cache, left as is][22m
[2m> [22m[2mnx run[22m projects-infrastructure:build  [2m[existing outputs match the cache, left as is][22m
[2m> [22m[2mnx run[22m treasury-presentation:build  [2m[existing outputs match the cache, left as is][22m
[2m> [22m[2mnx run[22m accounting-presentation:build  [2m[existing outputs match the cache, left as is][22m
[2m> [22m[2mnx run[22m fixed-assets-infrastructure:build  [2m[existing outputs match the cache, left as is][22m
[2m> [22m[2mnx run[22m projects-presentation:build  [2m[existing outputs match the cache, left as is][22m
[2m> [22m[2mnx run[22m admin-infrastructure:build  [2m[existing outputs match the cache, left as is][22m
[2m> [22m[2mnx run[22m fiscal-infrastructure:build  [2m[existing outputs match the cache, left as is][22m
[2m> [22m[2mnx run[22m manufacturing-infrastructure:build  [2m[existing outputs match the cache, left as is][22m
[2m> [22m[2mnx run[22m inventory-presentation:build  [2m[existing outputs match the cache, left as is][22m
[2m> [22m[2mnx run[22m bi-infrastructure:build  [2m[existing outputs match the cache, left as is][22m
[2m> [22m[2mnx run[22m bi-presentation:build  [2m[existing outputs match the cache, left as is][22m
[2m> [22m[2mnx run[22m crm-presentation:build  [2m[existing outputs match the cache, left as is][22m
[2m> [22m[2mnx run[22m fiscal-presentation:build  [2m[existing outputs match the cache, left as is][22m
[2m> [22m[2mnx run[22m admin-presentation:build  [2m[existing outputs match the cache, left as is][22m
[2m> [22m[2mnx run[22m purchasing-presentation:build  [2m[existing outputs match the cache, left as is][22m
[2m> [22m[2mnx run[22m manufacturing-presentation:build  [2m[existing outputs match the cache, left as is][22m
[2m> [22m[2mnx run[22m fixed-assets-presentation:build  [2m[existing outputs match the cache, left as is][22m
[2m> [22m[2mnx run[22m identity-presentation:build  [2m[existing outputs match the cache, left as is][22m
[2m> [22m[2mnx run[22m virteex-api-gateway:build:development
[2m> [22mwebpack-cli build --node-env=development
webpack compiled [1m[32msuccessfully[39m[22m (4f9274e6a011e72f)
[0m[7m[1m[32m NX [39m[22m[27m[0m  [32mSuccessfully ran target [1mbuild[22m for project virteex-api-gateway and [1m67[22m tasks it depends on[39m
[2mNx read the output from the cache instead of running the command for 67 out of 68 tasks.[22m
[1m[31mDebugger listening on ws://localhost:9229/0258b52a-db9e-4b99-83fd-2ebba7407c40[39m[22m
[1m[31mDebugger listening on ws://localhost:9229/0258b52a-db9e-4b99-83fd-2ebba7407c40[39m[22m
[1m[31mFor help, see: https://nodejs.org/en/docs/inspector[39m[22m
[1m[31m[39m[22m
[1m[31mESM loader error: ReferenceError: Cannot access 'Sale' before initialization[39m[22m
[1m[31m    at Array.Object.defineProperty.value [90m(/app/[39m[31mlibs/domains/crm/domain/src/lib/entities/sale.entity.ts:29:10[90m)[39m[31m[39m[22m
[1m[31m    at __webpack_require__ [90m(/app/[39m[31mdist/apps/virteex-api-gateway/webpack/bootstrap:19:1[90m)[39m[31m[39m[22m
[1m[31m    at Array.Object.defineProperty.value [90m(/app/[39m[31mlibs/domains/crm/domain/src/index.ts:1:1[90m)[39m[31m[39m[22m
[1m[31m    at __webpack_require__ [90m(/app/[39m[31mdist/apps/virteex-api-gateway/webpack/bootstrap:19:1[90m)[39m[31m[39m[22m
[1m[31m    at Array.Object.defineProperty.value [90m(/app/[39m[31mlibs/domains/crm/application/src/lib/use-cases/create-sale.use-case.ts:2:1[90m)[39m[31m[39m[22m
[1m[31m    at __webpack_require__ [90m(/app/[39m[31mdist/apps/virteex-api-gateway/webpack/bootstrap:19:1[90m)[39m[31m[39m[22m
[1m[31m    at Array.Object.defineProperty.value [90m(/app/[39m[31mlibs/domains/crm/application/src/index.ts:1:1[90m)[39m[31m[39m[22m
[1m[31m    at __webpack_require__ [90m(/app/[39m[31mdist/apps/virteex-api-gateway/webpack/bootstrap:19:1[90m)[39m[31m[39m[22m
[1m[31m    at Array.Object.defineProperty.value [90m(/app/[39m[31mlibs/domains/crm/presentation/src/lib/crm-presentation.module.ts:2:1[90m)[39m[31m[39m[22m
[1m[31m    at __webpack_require__ [90m(/app/[39m[31mdist/apps/virteex-api-gateway/webpack/bootstrap:19:1[90m)[39m[31m[39m[22m
[1m[31m[39m[22m
[7m[1m[36m NX [39m[22m[27m [1mProcess exited with code 1, waiting for changes to restart...[22m
