
> nx run virteex-web:serve:development

[33m❯[39m Building...
[32m✔[39m Building...
[37m[1mInitial chunk files[22m[2m | [22m[1mNames[22m        [2m | [22m [1mRaw size[22m[39m
[37m[32mchunk-SPML2XCG.js[39m[37m  [2m | [22m[2m-[22m            [2m | [22m[36m134.15 kB[39m[37m[2m | [22m[39m
[37m[32mmain.js[39m[37m            [2m | [22m[2mmain[22m         [2m | [22m  [36m5.77 kB[39m[37m[2m | [22m[39m
[37m[32mchunk-GOMI4DH3.js[39m[37m  [2m | [22m[2m-[22m            [2m | [22m  [36m1.37 kB[39m[37m[2m | [22m[39m
[37m[32mstyles.css[39m[37m         [2m | [22m[2mstyles[22m       [2m | [22m[36m878 bytes[39m[37m[2m | [22m[39m
[37m[39m
[37m[1m [22m                  [2m | [22m[1mInitial total[22m[2m | [22m[1m142.17 kB[22m[39m
[37m[39m
[37m[1mLazy chunk files[22m   [2m | [22m[1mNames[22m        [2m | [22m [1mRaw size[22m[39m
[37m[32mchunk-LD5JXPAU.js[39m[37m  [2m | [22m[2mindex[22m        [2m | [22m[36m101.55 kB[39m[37m[2m | [22m[39m
[37m[32mchunk-Z2JF6GMX.js[39m[37m  [2m | [22m[2mindex[22m        [2m | [22m [36m19.75 kB[39m[37m[2m | [22m[39m
[37m[32mchunk-IV2CVRIK.js[39m[37m  [2m | [22m[2mindex[22m        [2m | [22m [36m13.32 kB[39m[37m[2m | [22m[39m
[37m[32mchunk-MX6WKMN7.js[39m[37m  [2m | [22m[2mindex[22m        [2m | [22m [36m12.12 kB[39m[37m[2m | [22m[39m
[37m[32mchunk-WK3ZWQE7.js[39m[37m  [2m | [22m[2mindex[22m        [2m | [22m [36m12.04 kB[39m[37m[2m | [22m[39m
[37m[32mchunk-PZV5552V.js[39m[37m  [2m | [22m[2mindex[22m        [2m | [22m [36m11.99 kB[39m[37m[2m | [22m[39m
[37m[32mchunk-SG7HZE5F.js[39m[37m  [2m | [22m[2mindex[22m        [2m | [22m [36m11.99 kB[39m[37m[2m | [22m[39m
[37m[32mchunk-646GFSWH.js[39m[37m  [2m | [22m[2mindex[22m        [2m | [22m [36m11.95 kB[39m[37m[2m | [22m[39m
[37m[32mchunk-DLEWCRCP.js[39m[37m  [2m | [22m[2mindex[22m        [2m | [22m [36m11.95 kB[39m[37m[2m | [22m[39m
[37m[32mchunk-JE5PJGE5.js[39m[37m  [2m | [22m[2mindex[22m        [2m | [22m [36m11.94 kB[39m[37m[2m | [22m[39m
[37m[32mchunk-XJB7JJBB.js[39m[37m  [2m | [22m[2mindex[22m        [2m | [22m [36m11.94 kB[39m[37m[2m | [22m[39m
[37m[32mchunk-JESVGVNT.js[39m[37m  [2m | [22m[2mindex[22m        [2m | [22m [36m11.92 kB[39m[37m[2m | [22m[39m
[37m[32mch[39m[37munk-ECRVB3LP.js[39m[37m  [2m | [22m[2mindex[22m        [2m | [22m [36m11.89 kB[39m[37m[2m | [22m[39m
[37m[32mchunk-B3RPUGJW.js[39m[37m  [2m | [22m[2mindex[22m        [2m | [22m [36m11.87 kB[39m[37m[2m | [22m[39m
[37m[32mchunk-OLIA3CTN.js[39m[37m  [2m | [22m[2mindex[22m        [2m | [22m [36m11.85 kB[39m[37m[2m | [22m[39m
[37m[39m
[37mApplication bundle generation complete. [9.863 seconds] - 2026-02-10T20:33:16.404Z[39m
[37m[39m
[1m[33m[33m▲ [43;33m[[43;30mWARNING[43;33m][0m [1mNG8113: RouterLink is not used within the template of InventoryListComponent[0m [1m[35m[plugin angular-compiler][0m[39m[22m
[1m[33m[39m[22m
[1m[33m    libs/domains/inventory/ui/src/lib/pages/list/list.component.ts:9:26:[39m[22m
[1m[33m[37m      9 │   imports: [CommonModule, [32mRouterLink[37m],[39m[22m
[1m[33m        ╵                           [32m~~~~~~~~~~[0m[39m[22m
[1m[33m[39m[22m
[1m[33m[39m[22m
[37mWatch mode enabled. Watching for file changes...[39m
[37mNOTE: Raw file sizes do not reflect development server per-request transformations.[39m
[2m8:33:17 PM[22m [36m[1m[vite][22m[39m [90m[2m(client)[22m[39m Re-optimizing dependencies because lockfile has changed
  [32m➜[39m  [1mLocal[22m:   [36mhttp://localhost:[1m4200[22m/[39m
