
> nx run virteex-web:serve:development --host=0.0.0.0

[1m[33m[39m[22m
[1m[33mWarning: This is a simple server for use in testing or debugging Angular applications[39m[22m
[1m[33mlocally. It hasn't been reviewed for security issues.[39m[22m
[1m[33m[39m[22m
[1m[33mBinding this server to an open connection can result in compromising your application or[39m[22m
[1m[33mcomputer. Using a different host than the one passed to the "--host" flag might result in[39m[22m
[1m[33mwebsocket connection issues.[39m[22m
[1m[33m    [39m[22m
[33m❯[39m Building...
[32m✔[39m Building...
[37m[1mInitial chunk files[22m[2m | [22m[1mNames[22m        [2m | [22m [1mRaw size[22m[39m
[37m[32mmain.js[39m[37m            [2m | [22m[2mmain[22m         [2m | [22m [36m77.89 kB[39m[37m[2m | [22m[39m
[37m[32mchunk-HEUIXGJZ.js[39m[37m  [2m | [22m[2m-[22m            [2m | [22m [36m26.18 kB[39m[37m[2m | [22m[39m
[37m[32mchunk-VUJOFXKG.js[39m[37m  [2m | [22m[2m-[22m            [2m | [22m[36m938 bytes[39m[37m[2m | [22m[39m
[37m[32mstyles.css[39m[37m         [2m | [22m[2mstyles[22m       [2m | [22m[36m878 bytes[39m[37m[2m | [22m[39m
[37m[39m
[37m[1m [22m                  [2m | [22m[1mInitial total[22m[2m | [22m[1m105.89 kB[22m[39m
[37m[39m
[37m[1mLazy chunk files[22m   [2m | [22m[1mNames[22m        [2m | [22m [1mRaw size[22m[39m
[37m[32mchunk-F46WKTVZ.js[39m[37m  [2m | [22m[2mindex[22m        [2m | [22m[36m101.08 kB[39m[37m[2m | [22m[39m
[37m[32mchunk-KPO3P2JJ.js[39m[37m  [2m | [22m[2mindex[22m        [2m | [22m [36m12.12 kB[39m[37m[2m | [22m[39m
[37m[32mchunk-ADLMNAZO.js[39m[37m  [2m | [22m[2mindex[22m        [2m | [22m [36m12.04 kB[39m[37m[2m | [22m[39m
[37m[32mchunk-EV26KHZL.js[39m[37m  [2m | [22m[2mindex[22m        [2m | [22m [36m12.00 kB[39m[37m[2m | [22m[39m
[37m[32mchunk-PLVU5MV3.js[39m[37m  [2m | [22m[2mindex[22m        [2m | [22m [36m11.99 kB[39m[37m[2m | [22m[39m
[37m[32mchunk-PSX6UYLU.js[39m[37m  [2m | [22m[2mindex[22m        [2m | [22m [36m11.99 kB[39m[37m[2m | [22m[39m
[37m[32mchunk-QTYV72BZ.js[39m[37m  [2m | [22m[2mindex[22m        [2m | [22m [36m11.99 kB[39m[37m[2m | [22m[39m
[37m[32mchunk-HPYZNROD.js[39m[37m  [2m | [22m[2mindex[22m        [2m | [22m [36m11.95 kB[39m[37m[2m | [22m[39m
[37m[32mchunk-FN4AKZMM.js[39m[37m  [2m | [22m[2mindex[22m        [2m | [22m [36m11.95 kB[39m[37m[2m | [22m[39m
[37m[32mchunk-C43FDLSH.js[39m[37m  [2m | [22m[2mindex[22m        [2m | [22m [36m11.94 kB[39m[37m[2m | [22m[39m
[37m[32mchunk-JWVH7ABU.js[39m[37m  [2m | [22m[2mindex[22m        [2m | [22m [36m11.94 kB[39m[37m[2m | [22m[39m
[37m[32mchunk-GFT466HB.js[39m[37m  [2m | [22m[2mindex[22m        [2m | [22m [36m11.92 kB[39m[37m[2m | [22m[39m
[37m[32mch[39m[37munk-I7PLGP7F.js[39m[37m  [2m | [22m[2mindex[22m        [2m | [22m [36m11.89 kB[39m[37m[2m | [22m[39m
[37m[32mchunk-3NLG2QPY.js[39m[37m  [2m | [22m[2mindex[22m        [2m | [22m [36m11.87 kB[39m[37m[2m | [22m[39m
[37m[32mchunk-PLS75P5U.js[39m[37m  [2m | [22m[2mindex[22m        [2m | [22m [36m11.85 kB[39m[37m[2m | [22m[39m
[37m[39m
[37mApplication bundle generation complete. [5.441 seconds] - 2026-02-08T21:36:54.428Z[39m
[37m[39m
[37mWatch mode enabled. Watching for file changes...[39m
[37mNOTE: Raw file sizes do not reflect development server per-request transformations.[39m
  [32m➜[39m  [1mLocal[22m:   [36mhttp://localhost:[1m4200[22m/[39m
  [32m➜[39m  [1mNetwork[22m: [36mhttp://192.168.0.2:[1m4200[22m/[39m
[33m❯[39m Changes detected. Rebuilding...
[32m✔[39m Changes detected. Rebuilding...
[37m[1mInitial chunk files[22m[2m | [22m[1mNames[22m[2m | [22m[1mRaw size[22m[39m
[37m[32mmain.js[39m[37m            [2m | [22m[2mmain[22m [2m | [22m [36m4.87 kB[39m[37m[2m | [22m[39m
[37m[39m
[37mApplication bundle generation complete. [1.664 seconds] - 2026-02-08T21:39:11.400Z[39m
[37m[39m
[37mPage reload sent to client(s).[39m
[33m❯[39m Changes detected. Rebuilding...
[32m✔[39m Changes detected. Rebuilding...
[37m[1mInitial chunk files[22m[2m | [22m[1mNames[22m        [2m | [22m [1mRaw size[22m[39m
[37m[32mchunk-HEUIXGJZ.js[39m[37m  [2m | [22m[2m-[22m            [2m | [22m [36m26.18 kB[39m[37m[2m | [22m[39m
[37m[32mmain.js[39m[37m            [2m | [22m[2mmain[22m         [2m | [22m  [36m4.87 kB[39m[37m[2m | [22m[39m
[37m[32mchunk-VUJOFXKG.js[39m[37m  [2m | [22m[2m-[22m            [2m | [22m[36m938 bytes[39m[37m[2m | [22m[39m
[37m[32mstyles.css[39m[37m         [2m | [22m[2mstyles[22m       [2m | [22m[36m878 bytes[39m[37m[2m | [22m[39m
[37m[39m
[37m[1m [22m                  [2m | [22m[1mInitial total[22m[2m | [22m [1m32.87 kB[22m[39m
[37m[39m
[37m[1mLazy chunk files[22m   [2m | [22m[1mNames[22m        [2m | [22m [1mRaw size[22m[39m
[37m[32mchunk-F46WKTVZ.js[39m[37m  [2m | [22m[2mindex[22m        [2m | [22m[36m101.08 kB[39m[37m[2m | [22m[39m
[37m[32mchunk-KPO3P2JJ.js[39m[37m  [2m | [22m[2mindex[22m        [2m | [22m [36m12.12 kB[39m[37m[2m | [22m[39m
[37m[32mchunk-ADLMNAZO.js[39m[37m  [2m | [22m[2mindex[22m        [2m | [22m [36m12.04 kB[39m[37m[2m | [22m[39m
[37m[32mchunk-EV26KHZL.js[39m[37m  [2m | [22m[2mindex[22m        [2m | [22m [36m12.00 kB[39m[37m[2m | [22m[39m
[37m[32mchunk-PLVU5MV3.js[39m[37m  [2m | [22m[2mindex[22m        [2m | [22m [36m11.99 kB[39m[37m[2m | [22m[39m
[37m[32mchunk-PSX6UYLU.js[39m[37m  [2m | [22m[2mindex[22m        [2m | [22m [36m11.99 kB[39m[37m[2m | [22m[39m
[37m[32mchunk-QTYV72BZ.js[39m[37m  [2m | [22m[2mindex[22m        [2m | [22m [36m11.99 kB[39m[37m[2m | [22m[39m
[37m[32mchunk-HPYZNROD.js[39m[37m  [2m | [22m[2mindex[22m        [2m | [22m [36m11.95 kB[39m[37m[2m | [22m[39m
[37m[32mchunk-FN4AKZMM.js[39m[37m  [2m | [22m[2mindex[22m        [2m | [22m [36m11.95 kB[39m[37m[2m | [22m[39m
[37m[32mchunk-C43FDLSH.js[39m[37m  [2m | [22m[2mindex[22m        [2m | [22m [36m11.94 kB[39m[37m[2m | [22m[39m
[37m[32mchunk-JWVH7ABU.js[39m[37m  [2m | [22m[2mindex[22m        [2m | [22m [36m11.94 kB[39m[37m[2m | [22m[39m
[37m[32mchunk-GFT466HB.js[39m[37m  [2m | [22m[2mindex[22m        [2m | [22m [36m11.92 kB[39m[37m[2m | [22m[39m
[37m[32mch[39m[37munk-I7PLGP7F.js[39m[37m  [2m | [22m[2mindex[22m        [2m | [22m [36m11.89 kB[39m[37m[2m | [22m[39m
[37m[32mchunk-3NLG2QPY.js[39m[37m  [2m | [22m[2mindex[22m        [2m | [22m [36m11.87 kB[39m[37m[2m | [22m[39m
[37m[32mchunk-PLS75P5U.js[39m[37m  [2m | [22m[2mindex[22m        [2m | [22m [36m11.85 kB[39m[37m[2m | [22m[39m
[37m[39m
[37mApplication bundle generation complete. [0.237 seconds] - 2026-02-08T21:39:11.645Z[39m
[37m[39m
[37mComponent update sent to client(s).[39m
[33m❯[39m Changes detected. Rebuilding...
[32m✔[39m Changes detected. Rebuilding...
[37m[1mInitial chunk files[22m[2m | [22m[1mNames[22m[2m | [22m [1mRaw size[22m[39m
[37m[32mchunk-Y7AWRMHU.js[39m[37m  [2m | [22m[2m-[22m    [2m | [22m [36m26.17 kB[39m[37m[2m | [22m[39m
[37m[32mmain.js[39m[37m            [2m | [22m[2mmain[22m [2m | [22m  [36m4.87 kB[39m[37m[2m | [22m[39m
[37m[39m
[37m[1mLazy chunk files[22m   [2m | [22m[1mNames[22m[2m | [22m [1mRaw size[22m[39m
[37m[32mchunk-SIJELHCI.js[39m[37m  [2m | [22m[2mindex[22m[2m | [22m[36m101.08 kB[39m[37m[2m | [22m[39m
[37m[39m
[37mApplication bundle generation complete. [0.974 seconds] - 2026-02-08T21:42:06.454Z[39m
[37m[39m
[37mPage reload sent to client(s).[39m
